Starting Dynare (version 5.2).
Calling Dynare with arguments: none
Starting preprocessing of the model file ...
Found 14 equation(s).
Evaluating expressions...done
Computing static model derivatives (order 1).
Computing dynamic model derivatives (order 1).
Processing outputs ...
done
Preprocessing completed.


STEADY-STATE RESULTS:

k     		 3.26901
k_g   		 2.97183
k_f   		 0.148591
k_r   		 0.148591
e     		 1.12883
e_f   		 0.564414
e_r   		 0.564414
p_e   		 0.12432
c     		 1.07646
i     		 0.326901
y     		 1.40336
mrk   		 0.141667
omega 		 0
T     		 5.64414




Residuals of the static equations:

Equation number 1 : 0 : k
Equation number 2 : 0 : y
Equation number 3 : 0 : e
Equation number 4 : 0 : e_f
Equation number 5 : 0 : e_r
Equation number 6 : 0 : 6
Equation number 7 : 0 : p_e
Equation number 8 : 0 : mrk
Equation number 9 : 0 : 9
Equation number 10 : 0 : 10
Equation number 11 : 0 : 11
Equation number 12 : 0 : c
Equation number 13 : 0 : omega
Equation number 14 : 0 : T



STEADY-STATE RESULTS:

k     		 2.97216
k_g   		 2.73988
k_f   		 0.0834138
k_r   		 0.148867
e     		 1.03938
e_f   		 0.474648
e_r   		 0.564728
p_e   		 0.124482
c     		 0.996616
i     		 0.297216
y     		 1.29383
mrk   		 0.141667
omega 		 0.0474648
T     		 4.74648

--------------------------------------------------------
MODEL SIMULATION:

Iter: 1,	 err. = 0.807899,	 time = 0.121307
Iter: 2,	 err. = 0.00172971,	 time = 0.111382
Iter: 3,	 err. = 3.7801e-07,	 time = 0.121399

Total time of simulation: 0.36512.
--------------------------------------------------------

Perfect foresight solution found.

Total computing time : 0h00m01s
Note: warning(s) encountered in MATLAB/Octave code
