Starting Dynare (version 5.2).
Calling Dynare with arguments: none
Starting preprocessing of the model file ...
Found 5 equation(s).
Evaluating expressions...done
Computing static model derivatives (order 1).
Computing dynamic model derivatives (order 1).
Processing outputs ...
done
Preprocessing completed.


STEADY-STATE RESULTS:

k   		 2.92082
c   		 1.08719
i   		 0.292082
y   		 1.37928
mrk 		 0.141667




Residuals of the static equations:

Equation number 1 : 0 : k
Equation number 2 : 0 : y
Equation number 3 : 0 : mrk
Equation number 4 : 0 : 4
Equation number 5 : 0 : c



STEADY-STATE RESULTS:

k   		 2.92082
c   		 1.23225
i   		 0.292082
y   		 1.52434
mrk 		 0.141667




Residuals of the static equations:

Equation number 1 : 0 : k
Equation number 2 : 0 : y
Equation number 3 : 0 : mrk
Equation number 4 : 0 : 4
Equation number 5 : 0 : c



--------------------------------------------------------
MODEL SIMULATION:

Iter: 1,	 err. = 0.14506,	 time = 0.0682144
Iter: 2,	 err. = 0.00726154,	 time = 0.104691
Iter: 3,	 err. = 1.07092e-05,	 time = 0.101364
Iter: 4,	 err. = 2.05695e-11,	 time = 0.0688782

Total time of simulation: 0.365738.
--------------------------------------------------------

Perfect foresight solution found.

Total computing time : 0h00m01s
Note: warning(s) encountered in MATLAB/Octave code
