Starting Dynare (version 5.2).
Calling Dynare with arguments: none
Starting preprocessing of the model file ...
Found 9 equation(s).
Evaluating expressions...done
Computing static model derivatives (order 1).
Computing dynamic model derivatives (order 2).
Processing outputs ...
done
Preprocessing completed.

Randomize initial guess...

STEADY-STATE RESULTS:

k   		 3.04064
k_g 		 2.76422
k_e 		 0.276422
e   		 0.679942
p_e 		 0.191976
c   		 1.00126
i   		 0.304064
y   		 1.30533
mrk 		 0.141667




Residuals of the static equations:

Equation number 1 : 0 : k
Equation number 2 : 0 : y
Equation number 3 : 0 : e
Equation number 4 : 0 : 4
Equation number 5 : 0 : p_e
Equation number 6 : 0 : mrk
Equation number 7 : 0 : 7
Equation number 8 : 0 : 8
Equation number 9 : 0 : c



STEADY-STATE RESULTS:

k   		 3.04064
k_g 		 2.76422
k_e 		 0.276422
e   		 0.679942
p_e 		 0.191976
c   		 1.00126
i   		 0.304064
y   		 1.30533
mrk 		 0.141667
Total computing time : 0h00m00s
Note: warning(s) encountered in MATLAB/Octave code
