Starting Dynare (version 5.2).
Calling Dynare with arguments: none
Starting preprocessing of the model file ...
Found 11 equation(s).
Evaluating expressions...done
Computing static model derivatives (order 1).
Computing dynamic model derivatives (order 1).
Processing outputs ...
done
Preprocessing completed.

Randomize initial guess...

STEADY-STATE RESULTS:

k     		 3.0814
k_g   		 2.77604
k_e   		 0.305363
e     		 0.70056
p_e   		 0.205835
c     		 1.00277
i     		 0.30814
y     		 1.31091
mrk   		 0.141667
omega 		 0
T     		 7.0056




Residuals of the static equations:

Equation number 1 : 0 : k
Equation number 2 : 0 : y
Equation number 3 : 3.4787e-07 : e
Equation number 4 : 0 : 4
Equation number 5 : 0 : p_e
Equation number 6 : 0 : mrk
Equation number 7 : -6.2555e-07 : 7
Equation number 8 : 0 : 8
Equation number 9 : 0 : c
Equation number 10 : 0 : omega
Equation number 11 : 0 : T



STEADY-STATE RESULTS:

k     		 3.04934
k_g   		 2.74716
k_e   		 0.302187
e     		 0.698365
p_e   		 0.204333
c     		 0.992334
i     		 0.304934
y     		 1.29727
mrk   		 0.141667
omega 		 0.00698365
T     		 6.98365

--------------------------------------------------------
MODEL SIMULATION:

Iter: 1,	 err. = 0.0288554,	 time = 0.384445
Iter: 2,	 err. = 1.25223e-05,	 time = 0.371643
Iter: 3,	 err. = 5.38836e-11,	 time = 0.354591

Total time of simulation: 1.14382.
--------------------------------------------------------

Perfect foresight solution found.

Total computing time : 0h00m02s
Note: warning(s) encountered in MATLAB/Octave code
